
> acash-ai@0.1.0 build
> next build

   ▲ Next.js 15.5.4
   - Environments: .env.local
   - Experiments (use with caution):
     ✓ optimizeCss
     · optimizePackageImports

   Creating an optimized production build ...


Source path: c:\acash.ai\app\globals.css
Setting up new context...
Finding changed files: 10.838ms
Reading changed files: 227.933ms
Sorting candidates: 7.946ms
Generate rules: 107.063ms
Build stylesheet: 2.376ms
Potential classes:  10259
Active contexts:  1
JIT TOTAL: 538.571ms


 ✓ Compiled successfully in 16.9s
   Linting and checking validity of types ...
Failed to compile.

./lib/notifications/notification-service.ts:88:29
Type error: 'budget.spent' is possibly 'undefined'.

[0m [90m 86 |[39m       type[33m:[39m [32m'budget_warning'[39m[33m,[39m
 [90m 87 |[39m       condition[33m:[39m (budget[33m:[39m [33mBudgetCategory[39m) [33m=>[39m {
[31m[1m>[22m[39m[90m 88 |[39m         [36mconst[39m percentage [33m=[39m (budget[33m.[39mspent [33m/[39m budget[33m.[39mallocated) [33m*[39m [35m100[39m[33m;[39m
 [90m    |[39m                             [31m[1m^[22m[39m
 [90m 89 |[39m         [36mreturn[39m percentage [33m>=[39m [35m80[39m [33m&&[39m percentage [33m<[39m [35m100[39m[33m;[39m
 [90m 90 |[39m       }[33m,[39m
 [90m 91 |[39m       priority[33m:[39m [32m'medium'[39m[33m,[39m[0m
Next.js build worker exited with code: 1 and signal: null
